[background-preinit] INFO  | org.hibernate.validator.internal.util.Version                | HV000001: Hibernate Validator 6.2.4.Final (Version.java:21)
[main] INFO  | com.safetynet.alerts.SafetynetalertsApplication              | Starting SafetynetalertsApplication using Java 17.0.3 on ALE with PID 3500 (C:\info\pages_web\OpenClassrooms\Java\CinquiemeProjet\safetynetalerts\target\classes started by aNewL in C:\info\pages_web\OpenClassrooms\Java\CinquiemeProjet\safetynetalerts) (StartupInfoLogger.java:55)
[main] INFO  | com.safetynet.alerts.SafetynetalertsApplication              | No active profile set, falling back to 1 default profile: "default" (SpringApplication.java:634)
[main] INFO  | org.springframework.boot.web.embedded.tomcat.TomcatWebServer | Tomcat initialized with port(s): 8080 (http) (TomcatWebServer.java:108)
[main] INFO  | org.apache.coyote.http11.Http11NioProtocol                   | Initializing ProtocolHandler ["http-nio-8080"] (DirectJDKLog.java:173)
[main] INFO  | org.apache.catalina.core.StandardService                     | Starting service [Tomcat] (DirectJDKLog.java:173)
[main] INFO  | org.apache.catalina.core.StandardEngine                      | Starting Servlet engine: [Apache Tomcat/9.0.65] (DirectJDKLog.java:173)
[main] INFO  | org.apache.catalina.core.ContainerBase.[Tomcat].[localhost].[/] | Initializing Spring embedded WebApplicationContext (DirectJDKLog.java:173)
[main] INFO  | org.springframework.boot.web.servlet.context.ServletWebServerApplicationContext | Root WebApplicationContext: initialization completed in 2370 ms (ServletWebServerApplicationContext.java:292)
[main] INFO  | MedicalRecords Repository                                    | repository - initMedicalRecords() (MedicalRecordsRepository.java:33)
[main] INFO  | MedicalRecordsMapper Class                                   | Mapper - mapToMedicalRecordsClass (MedicalRecordsMapper.java:43)
[main] INFO  | org.springframework.boot.actuate.endpoint.web.EndpointLinksResolver | Exposing 4 endpoint(s) beneath base path '/actuator' (EndpointLinksResolver.java:58)
[main] INFO  | org.apache.coyote.http11.Http11NioProtocol                   | Starting ProtocolHandler ["http-nio-8080"] (DirectJDKLog.java:173)
[main] INFO  | org.springframework.boot.web.embedded.tomcat.TomcatWebServer | Tomcat started on port(s): 8080 (http) with context path '' (TomcatWebServer.java:220)
[main] INFO  | com.safetynet.alerts.SafetynetalertsApplication              | Started SafetynetalertsApplication in 4.681 seconds (JVM running for 6.078) (StartupInfoLogger.java:61)
[http-nio-8080-exec-2] INFO  | org.apache.catalina.core.ContainerBase.[Tomcat].[localhost].[/] | Initializing Spring DispatcherServlet 'dispatcherServlet' (DirectJDKLog.java:173)
[http-nio-8080-exec-2] INFO  | org.springframework.web.servlet.DispatcherServlet            | Initializing Servlet 'dispatcherServlet' (FrameworkServlet.java:525)
[http-nio-8080-exec-2] INFO  | org.springframework.web.servlet.DispatcherServlet            | Completed initialization in 3 ms (FrameworkServlet.java:547)
[http-nio-8080-exec-2] INFO  | AlertsService                                                | create List of info by inhabitants at an address : getListOfInhabitantsAtAnAddress  (AlertsService.java:185)
[http-nio-8080-exec-3] INFO  | AlertsService                                                | create List of info by person with given name : getInformationsForAGivenPersonAndHisFamily  (AlertsService.java:281)
[http-nio-8080-exec-3] ERROR | PersonService                                                | The person  :{Stelzer - } not found (PersonService.java:85)
[http-nio-8080-exec-4] INFO  | AlertsService                                                | create List of info by person with given name : getInformationsForAGivenPersonAndHisFamily  (AlertsService.java:281)
[http-nio-8080-exec-4] ERROR | PersonService                                                | The person  :{Stelz - } not found (PersonService.java:85)
[http-nio-8080-exec-5] INFO  | AlertsService                                                | create List of email for the inhabitants of the city  (AlertsService.java:335)
2022-11-08 14:04:55.431 [INFO ] [background-preinit] Version - HV000001: Hibernate Validator 6.2.4.Final
2022-11-08 14:04:55.524 [INFO ] [main] SafetynetalertsApplication - Starting SafetynetalertsApplication using Java 17.0.3 on ALE with PID 16816 (C:\info\pages_web\OpenClassrooms\Java\CinquiemeProjet\safetynetalerts\target\classes started by aNewL in C:\info\pages_web\OpenClassrooms\Java\CinquiemeProjet\safetynetalerts)
2022-11-08 14:04:55.535 [INFO ] [main] SafetynetalertsApplication - No active profile set, falling back to 1 default profile: "default"
2022-11-08 14:04:57.854 [INFO ] [main] TomcatWebServer - Tomcat initialized with port(s): 8080 (http)
2022-11-08 14:04:57.895 [INFO ] [main] Http11NioProtocol - Initializing ProtocolHandler ["http-nio-8080"]
2022-11-08 14:04:57.895 [INFO ] [main] StandardService - Starting service [Tomcat]
2022-11-08 14:04:57.896 [INFO ] [main] StandardEngine - Starting Servlet engine: [Apache Tomcat/9.0.65]
2022-11-08 14:04:58.080 [INFO ] [main] [/] - Initializing Spring embedded WebApplicationContext
2022-11-08 14:04:58.081 [INFO ] [main] ServletWebServerApplicationContext - Root WebApplicationContext: initialization completed in 2454 ms
2022-11-08 14:04:58.535 [INFO ] [main] MedicalRecords Repository - repository - initMedicalRecords()
2022-11-08 14:04:58.535 [INFO ] [main] MedicalRecordsMapper Class - Mapper - mapToMedicalRecordsClass
2022-11-08 14:04:59.755 [INFO ] [main] EndpointLinksResolver - Exposing 4 endpoint(s) beneath base path '/actuator'
2022-11-08 14:04:59.796 [INFO ] [main] Http11NioProtocol - Starting ProtocolHandler ["http-nio-8080"]
2022-11-08 14:04:59.845 [INFO ] [main] TomcatWebServer - Tomcat started on port(s): 8080 (http) with context path ''
2022-11-08 14:04:59.873 [INFO ] [main] SafetynetalertsApplication - Started SafetynetalertsApplication in 4.899 seconds (JVM running for 6.109)
2022-11-08 14:05:38.886 [INFO ] [http-nio-8080-exec-1] [/] - Initializing Spring DispatcherServlet 'dispatcherServlet'
2022-11-08 14:05:38.886 [INFO ] [http-nio-8080-exec-1] DispatcherServlet - Initializing Servlet 'dispatcherServlet'
2022-11-08 14:05:38.889 [INFO ] [http-nio-8080-exec-1] DispatcherServlet - Completed initialization in 3 ms
2022-11-08 14:05:38.980 [INFO ] [http-nio-8080-exec-1] AlertsService - create List of email for the inhabitants of the city 
2022-11-08 14:05:48.421 [INFO ] [http-nio-8080-exec-3] AlertsService - create List of info by inhabitants at an address : getListOfInhabitantsAtAnAddress 
2022-11-08 14:05:51.655 [INFO ] [http-nio-8080-exec-4] AlertsService - create List of info by person with given name : getInformationsForAGivenPersonAndHisFamily 
2022-11-08 14:05:51.659 [ERROR] [http-nio-8080-exec-4] PersonService - The person  :{Stelzer - } not found
2022-11-08 14:08:03.248 [INFO ] [background-preinit] Version - HV000001: Hibernate Validator 6.2.4.Final
2022-11-08 14:08:03.332 [INFO ] [main] SafetynetalertsApplication - Starting SafetynetalertsApplication using Java 17.0.3 on ALE with PID 11840 (C:\info\pages_web\OpenClassrooms\Java\CinquiemeProjet\safetynetalerts\target\classes started by aNewL in C:\info\pages_web\OpenClassrooms\Java\CinquiemeProjet\safetynetalerts)
2022-11-08 14:08:03.341 [INFO ] [main] SafetynetalertsApplication - No active profile set, falling back to 1 default profile: "default"
2022-11-08 14:08:05.537 [INFO ] [main] TomcatWebServer - Tomcat initialized with port(s): 8080 (http)
2022-11-08 14:08:05.566 [INFO ] [main] Http11NioProtocol - Initializing ProtocolHandler ["http-nio-8080"]
2022-11-08 14:08:05.567 [INFO ] [main] StandardService - Starting service [Tomcat]
2022-11-08 14:08:05.567 [INFO ] [main] StandardEngine - Starting Servlet engine: [Apache Tomcat/9.0.65]
2022-11-08 14:08:05.755 [INFO ] [main] [/] - Initializing Spring embedded WebApplicationContext
2022-11-08 14:08:05.755 [INFO ] [main] ServletWebServerApplicationContext - Root WebApplicationContext: initialization completed in 2340 ms
2022-11-08 14:08:06.208 [INFO ] [main] MedicalRecords Repository - repository - initMedicalRecords()
2022-11-08 14:08:06.209 [INFO ] [main] MedicalRecordsMapper Class - Mapper - mapToMedicalRecordsClass
2022-11-08 14:08:07.377 [INFO ] [main] EndpointLinksResolver - Exposing 4 endpoint(s) beneath base path '/actuator'
2022-11-08 14:08:07.413 [INFO ] [main] Http11NioProtocol - Starting ProtocolHandler ["http-nio-8080"]
2022-11-08 14:08:07.457 [INFO ] [main] TomcatWebServer - Tomcat started on port(s): 8080 (http) with context path ''
2022-11-08 14:08:07.489 [INFO ] [main] SafetynetalertsApplication - Started SafetynetalertsApplication in 4.645 seconds (JVM running for 5.819)
2022-11-08 14:12:54.116 [INFO ] [main] WebMvcTestContextBootstrapper - Neither @ContextConfiguration nor @ContextHierarchy found for test class [com.safetynet.alerts.controller.AlertsControllerTest], using SpringBootContextLoader
2022-11-08 14:12:54.149 [INFO ] [main] AbstractContextLoader - Could not detect default resource locations for test class [com.safetynet.alerts.controller.AlertsControllerTest]: no resource found for suffixes {-context.xml, Context.groovy}.
2022-11-08 14:12:54.151 [INFO ] [main] AnnotationConfigContextLoaderUtils - Could not detect default configuration classes for test class [com.safetynet.alerts.controller.AlertsControllerTest]: AlertsControllerTest does not declare any static, non-private, non-final, nested classes annotated with @Configuration.
2022-11-08 14:12:54.849 [INFO ] [main] SpringBootTestContextBootstrapper - Found @SpringBootConfiguration com.safetynet.alerts.SafetynetalertsApplication for test class com.safetynet.alerts.controller.AlertsControllerTest
2022-11-08 14:12:54.858 [INFO ] [main] WebMvcTestContextBootstrapper - Loaded default TestExecutionListener class names from location [META-INF/spring.factories]: [org.springframework.boot.test.mock.mockito.MockitoTestExecutionListener, org.springframework.boot.test.mock.mockito.ResetMocksTestExecutionListener, org.springframework.boot.test.autoconfigure.restdocs.RestDocsTestExecutionListener, org.springframework.boot.test.autoconfigure.web.client.MockRestServiceServerResetTestExecutionListener, org.springframework.boot.test.autoconfigure.web.servlet.MockMvcPrintOnlyOnFailureTestExecutionListener, org.springframework.boot.test.autoconfigure.web.servlet.WebDriverTestExecutionListener, org.springframework.boot.test.autoconfigure.webservices.client.MockWebServiceServerTestExecutionListener, org.springframework.test.context.web.ServletTestExecutionListener, org.springframework.test.context.support.DirtiesContextBeforeModesTestExecutionListener, org.springframework.test.context.event.ApplicationEventsTestExecutionListener, org.springframework.test.context.support.DependencyInjectionTestExecutionListener, org.springframework.test.context.support.DirtiesContextTestExecutionListener, org.springframework.test.context.transaction.TransactionalTestExecutionListener, org.springframework.test.context.jdbc.SqlScriptsTestExecutionListener, org.springframework.test.context.event.EventPublishingTestExecutionListener]
2022-11-08 14:12:54.895 [INFO ] [main] WebMvcTestContextBootstrapper - Using TestExecutionListeners: [org.springframework.test.context.web.ServletTestExecutionListener@6e1ae763, org.springframework.test.context.support.DirtiesContextBeforeModesTestExecutionListener@62d40e31, org.springframework.test.context.event.ApplicationEventsTestExecutionListener@650aa077, org.springframework.boot.test.mock.mockito.MockitoTestExecutionListener@7ce29a2d, org.springframework.boot.test.autoconfigure.SpringBootDependencyInjectionTestExecutionListener@457a5b2d, org.springframework.test.context.support.DirtiesContextTestExecutionListener@79d7035, org.springframework.test.context.event.EventPublishingTestExecutionListener@372461a9, org.springframework.boot.test.mock.mockito.ResetMocksTestExecutionListener@5fffb692, org.springframework.boot.test.autoconfigure.restdocs.RestDocsTestExecutionListener@48cb2d73, org.springframework.boot.test.autoconfigure.web.client.MockRestServiceServerResetTestExecutionListener@243bf087, org.springframework.boot.test.autoconfigure.web.servlet.MockMvcPrintOnlyOnFailureTestExecutionListener@3086f480, org.springframework.boot.test.autoconfigure.web.servlet.WebDriverTestExecutionListener@126f8f24, org.springframework.boot.test.autoconfigure.webservices.client.MockWebServiceServerTestExecutionListener@35e98af]
2022-11-08 14:12:55.953 [INFO ] [background-preinit] Version - HV000001: Hibernate Validator 6.2.4.Final
2022-11-08 14:12:56.095 [INFO ] [main] AlertsControllerTest - Starting AlertsControllerTest using Java 17.0.2 on ALE with PID 11304 (started by aNewL in C:\info\pages_web\OpenClassrooms\Java\CinquiemeProjet\safetynetalerts)
2022-11-08 14:12:56.105 [INFO ] [main] AlertsControllerTest - No active profile set, falling back to 1 default profile: "default"
2022-11-08 14:13:01.305 [INFO ] [main] SpringBootMockServletContext - Initializing Spring TestDispatcherServlet ''
2022-11-08 14:13:01.306 [INFO ] [main] TestDispatcherServlet - Initializing Servlet ''
2022-11-08 14:13:01.308 [INFO ] [main] TestDispatcherServlet - Completed initialization in 2 ms
2022-11-08 14:13:01.367 [INFO ] [main] AlertsControllerTest - Started AlertsControllerTest in 6.323 seconds (JVM running for 10.729)
2022-11-08 14:13:02.047 [INFO ] [main] WebMvcTestContextBootstrapper - Neither @ContextConfiguration nor @ContextHierarchy found for test class [com.safetynet.alerts.controller.FireStationControllerTest], using SpringBootContextLoader
2022-11-08 14:13:02.048 [INFO ] [main] AbstractContextLoader - Could not detect default resource locations for test class [com.safetynet.alerts.controller.FireStationControllerTest]: no resource found for suffixes {-context.xml, Context.groovy}.
2022-11-08 14:13:02.049 [INFO ] [main] AnnotationConfigContextLoaderUtils - Could not detect default configuration classes for test class [com.safetynet.alerts.controller.FireStationControllerTest]: FireStationControllerTest does not declare any static, non-private, non-final, nested classes annotated with @Configuration.
2022-11-08 14:13:02.061 [INFO ] [main] SpringBootTestContextBootstrapper - Found @SpringBootConfiguration com.safetynet.alerts.SafetynetalertsApplication for test class com.safetynet.alerts.controller.FireStationControllerTest
2022-11-08 14:13:02.063 [INFO ] [main] WebMvcTestContextBootstrapper - Loaded default TestExecutionListener class names from location [META-INF/spring.factories]: [org.springframework.boot.test.mock.mockito.MockitoTestExecutionListener, org.springframework.boot.test.mock.mockito.ResetMocksTestExecutionListener, org.springframework.boot.test.autoconfigure.restdocs.RestDocsTestExecutionListener, org.springframework.boot.test.autoconfigure.web.client.MockRestServiceServerResetTestExecutionListener, org.springframework.boot.test.autoconfigure.web.servlet.MockMvcPrintOnlyOnFailureTestExecutionListener, org.springframework.boot.test.autoconfigure.web.servlet.WebDriverTestExecutionListener, org.springframework.boot.test.autoconfigure.webservices.client.MockWebServiceServerTestExecutionListener, org.springframework.test.context.web.ServletTestExecutionListener, org.springframework.test.context.support.DirtiesContextBeforeModesTestExecutionListener, org.springframework.test.context.event.ApplicationEventsTestExecutionListener, org.springframework.test.context.support.DependencyInjectionTestExecutionListener, org.springframework.test.context.support.DirtiesContextTestExecutionListener, org.springframework.test.context.transaction.TransactionalTestExecutionListener, org.springframework.test.context.jdbc.SqlScriptsTestExecutionListener, org.springframework.test.context.event.EventPublishingTestExecutionListener]
2022-11-08 14:13:02.065 [INFO ] [main] WebMvcTestContextBootstrapper - Using TestExecutionListeners: [org.springframework.test.context.web.ServletTestExecutionListener@4515dfae, org.springframework.test.context.support.DirtiesContextBeforeModesTestExecutionListener@fca54c5, org.springframework.test.context.event.ApplicationEventsTestExecutionListener@2be41d90, org.springframework.boot.test.mock.mockito.MockitoTestExecutionListener@55a72c9e, org.springframework.boot.test.autoconfigure.SpringBootDependencyInjectionTestExecutionListener@3ea4712b, org.springframework.test.context.support.DirtiesContextTestExecutionListener@63156646, org.springframework.test.context.event.EventPublishingTestExecutionListener@6896ef29, org.springframework.boot.test.mock.mockito.ResetMocksTestExecutionListener@4b9fd79, org.springframework.boot.test.autoconfigure.restdocs.RestDocsTestExecutionListener@1989e9ec, org.springframework.boot.test.autoconfigure.web.client.MockRestServiceServerResetTestExecutionListener@51e68bcd, org.springframework.boot.test.autoconfigure.web.servlet.MockMvcPrintOnlyOnFailureTestExecutionListener@ed6d97f, org.springframework.boot.test.autoconfigure.web.servlet.WebDriverTestExecutionListener@45cfbfe9, org.springframework.boot.test.autoconfigure.webservices.client.MockWebServiceServerTestExecutionListener@13dff835]
2022-11-08 14:13:02.150 [INFO ] [main] FireStationControllerTest - Starting FireStationControllerTest using Java 17.0.2 on ALE with PID 11304 (started by aNewL in C:\info\pages_web\OpenClassrooms\Java\CinquiemeProjet\safetynetalerts)
2022-11-08 14:13:02.152 [INFO ] [main] FireStationControllerTest - No active profile set, falling back to 1 default profile: "default"
2022-11-08 14:13:03.373 [INFO ] [main] SpringBootMockServletContext - Initializing Spring TestDispatcherServlet ''
2022-11-08 14:13:03.374 [INFO ] [main] TestDispatcherServlet - Initializing Servlet ''
2022-11-08 14:13:03.375 [INFO ] [main] TestDispatcherServlet - Completed initialization in 1 ms
2022-11-08 14:13:03.396 [INFO ] [main] FireStationControllerTest - Started FireStationControllerTest in 1.322 seconds (JVM running for 12.758)
2022-11-08 14:13:03.594 [ERROR] [main] FireStationController - Invalid request  HttpStatus : 
2022-11-08 14:13:03.630 [ERROR] [main] FireStationController - Invalid request  HttpStatus : 
2022-11-08 14:13:03.687 [ERROR] [main] FireStationController - Invalid request  HttpStatus : 
2022-11-08 14:13:03.729 [INFO ] [main] WebMvcTestContextBootstrapper - Neither @ContextConfiguration nor @ContextHierarchy found for test class [com.safetynet.alerts.controller.MedicalRecordsControllerTest], using SpringBootContextLoader
2022-11-08 14:13:03.731 [INFO ] [main] AbstractContextLoader - Could not detect default resource locations for test class [com.safetynet.alerts.controller.MedicalRecordsControllerTest]: no resource found for suffixes {-context.xml, Context.groovy}.
2022-11-08 14:13:03.731 [INFO ] [main] AnnotationConfigContextLoaderUtils - Could not detect default configuration classes for test class [com.safetynet.alerts.controller.MedicalRecordsControllerTest]: MedicalRecordsControllerTest does not declare any static, non-private, non-final, nested classes annotated with @Configuration.
2022-11-08 14:13:03.743 [INFO ] [main] SpringBootTestContextBootstrapper - Found @SpringBootConfiguration com.safetynet.alerts.SafetynetalertsApplication for test class com.safetynet.alerts.controller.MedicalRecordsControllerTest
2022-11-08 14:13:03.745 [INFO ] [main] WebMvcTestContextBootstrapper - Loaded default TestExecutionListener class names from location [META-INF/spring.factories]: [org.springframework.boot.test.mock.mockito.MockitoTestExecutionListener, org.springframework.boot.test.mock.mockito.ResetMocksTestExecutionListener, org.springframework.boot.test.autoconfigure.restdocs.RestDocsTestExecutionListener, org.springframework.boot.test.autoconfigure.web.client.MockRestServiceServerResetTestExecutionListener, org.springframework.boot.test.autoconfigure.web.servlet.MockMvcPrintOnlyOnFailureTestExecutionListener, org.springframework.boot.test.autoconfigure.web.servlet.WebDriverTestExecutionListener, org.springframework.boot.test.autoconfigure.webservices.client.MockWebServiceServerTestExecutionListener, org.springframework.test.context.web.ServletTestExecutionListener, org.springframework.test.context.support.DirtiesContextBeforeModesTestExecutionListener, org.springframework.test.context.event.ApplicationEventsTestExecutionListener, org.springframework.test.context.support.DependencyInjectionTestExecutionListener, org.springframework.test.context.support.DirtiesContextTestExecutionListener, org.springframework.test.context.transaction.TransactionalTestExecutionListener, org.springframework.test.context.jdbc.SqlScriptsTestExecutionListener, org.springframework.test.context.event.EventPublishingTestExecutionListener]
2022-11-08 14:13:03.747 [INFO ] [main] WebMvcTestContextBootstrapper - Using TestExecutionListeners: [org.springframework.test.context.web.ServletTestExecutionListener@6bb24de1, org.springframework.test.context.support.DirtiesContextBeforeModesTestExecutionListener@167080e, org.springframework.test.context.event.ApplicationEventsTestExecutionListener@33980345, org.springframework.boot.test.mock.mockito.MockitoTestExecutionListener@195c5803, org.springframework.boot.test.autoconfigure.SpringBootDependencyInjectionTestExecutionListener@60f8d38c, org.springframework.test.context.support.DirtiesContextTestExecutionListener@596690e5, org.springframework.test.context.event.EventPublishingTestExecutionListener@2a9732a7, org.springframework.boot.test.mock.mockito.ResetMocksTestExecutionListener@5170ebb6, org.springframework.boot.test.autoconfigure.restdocs.RestDocsTestExecutionListener@773236a7, org.springframework.boot.test.autoconfigure.web.client.MockRestServiceServerResetTestExecutionListener@1abe611c, org.springframework.boot.test.autoconfigure.web.servlet.MockMvcPrintOnlyOnFailureTestExecutionListener@92f6ae6, org.springframework.boot.test.autoconfigure.web.servlet.WebDriverTestExecutionListener@5fd40d2e, org.springframework.boot.test.autoconfigure.webservices.client.MockWebServiceServerTestExecutionListener@39b58f7d]
2022-11-08 14:13:03.798 [INFO ] [main] MedicalRecordsControllerTest - Starting MedicalRecordsControllerTest using Java 17.0.2 on ALE with PID 11304 (started by aNewL in C:\info\pages_web\OpenClassrooms\Java\CinquiemeProjet\safetynetalerts)
2022-11-08 14:13:03.800 [INFO ] [main] MedicalRecordsControllerTest - No active profile set, falling back to 1 default profile: "default"
2022-11-08 14:13:04.873 [INFO ] [main] SpringBootMockServletContext - Initializing Spring TestDispatcherServlet ''
2022-11-08 14:13:04.874 [INFO ] [main] TestDispatcherServlet - Initializing Servlet ''
2022-11-08 14:13:04.875 [INFO ] [main] TestDispatcherServlet - Completed initialization in 1 ms
2022-11-08 14:13:04.903 [INFO ] [main] MedicalRecordsControllerTest - Started MedicalRecordsControllerTest in 1.151 seconds (JVM running for 14.265)
2022-11-08 14:13:04.948 [ERROR] [main] MedicalRecordsController - Invalid request  HttpStatus : 
2022-11-08 14:13:04.991 [ERROR] [main] MedicalRecordsController - Invalid request  HttpStatus : 
2022-11-08 14:13:05.075 [ERROR] [main] MedicalRecordsController - Invalid request  HttpStatus : 
2022-11-08 14:13:05.124 [INFO ] [main] WebMvcTestContextBootstrapper - Neither @ContextConfiguration nor @ContextHierarchy found for test class [com.safetynet.alerts.controller.PersonControllerTest], using SpringBootContextLoader
2022-11-08 14:13:05.126 [INFO ] [main] AbstractContextLoader - Could not detect default resource locations for test class [com.safetynet.alerts.controller.PersonControllerTest]: no resource found for suffixes {-context.xml, Context.groovy}.
2022-11-08 14:13:05.127 [INFO ] [main] AnnotationConfigContextLoaderUtils - Could not detect default configuration classes for test class [com.safetynet.alerts.controller.PersonControllerTest]: PersonControllerTest does not declare any static, non-private, non-final, nested classes annotated with @Configuration.
2022-11-08 14:13:05.138 [INFO ] [main] SpringBootTestContextBootstrapper - Found @SpringBootConfiguration com.safetynet.alerts.SafetynetalertsApplication for test class com.safetynet.alerts.controller.PersonControllerTest
2022-11-08 14:13:05.139 [INFO ] [main] WebMvcTestContextBootstrapper - Loaded default TestExecutionListener class names from location [META-INF/spring.factories]: [org.springframework.boot.test.mock.mockito.MockitoTestExecutionListener, org.springframework.boot.test.mock.mockito.ResetMocksTestExecutionListener, org.springframework.boot.test.autoconfigure.restdocs.RestDocsTestExecutionListener, org.springframework.boot.test.autoconfigure.web.client.MockRestServiceServerResetTestExecutionListener, org.springframework.boot.test.autoconfigure.web.servlet.MockMvcPrintOnlyOnFailureTestExecutionListener, org.springframework.boot.test.autoconfigure.web.servlet.WebDriverTestExecutionListener, org.springframework.boot.test.autoconfigure.webservices.client.MockWebServiceServerTestExecutionListener, org.springframework.test.context.web.ServletTestExecutionListener, org.springframework.test.context.support.DirtiesContextBeforeModesTestExecutionListener, org.springframework.test.context.event.ApplicationEventsTestExecutionListener, org.springframework.test.context.support.DependencyInjectionTestExecutionListener, org.springframework.test.context.support.DirtiesContextTestExecutionListener, org.springframework.test.context.transaction.TransactionalTestExecutionListener, org.springframework.test.context.jdbc.SqlScriptsTestExecutionListener, org.springframework.test.context.event.EventPublishingTestExecutionListener]
2022-11-08 14:13:05.142 [INFO ] [main] WebMvcTestContextBootstrapper - Using TestExecutionListeners: [org.springframework.test.context.web.ServletTestExecutionListener@325f9758, org.springframework.test.context.support.DirtiesContextBeforeModesTestExecutionListener@67964236, org.springframework.test.context.event.ApplicationEventsTestExecutionListener@6364e814, org.springframework.boot.test.mock.mockito.MockitoTestExecutionListener@8ff4d2b, org.springframework.boot.test.autoconfigure.SpringBootDependencyInjectionTestExecutionListener@4654fe3b, org.springframework.test.context.support.DirtiesContextTestExecutionListener@13068335, org.springframework.test.context.event.EventPublishingTestExecutionListener@57e6fd09, org.springframework.boot.test.mock.mockito.ResetMocksTestExecutionListener@258274cb, org.springframework.boot.test.autoconfigure.restdocs.RestDocsTestExecutionListener@44c6e366, org.springframework.boot.test.autoconfigure.web.client.MockRestServiceServerResetTestExecutionListener@637edfe0, org.springframework.boot.test.autoconfigure.web.servlet.MockMvcPrintOnlyOnFailureTestExecutionListener@3107833, org.springframework.boot.test.autoconfigure.web.servlet.WebDriverTestExecutionListener@358260b6, org.springframework.boot.test.autoconfigure.webservices.client.MockWebServiceServerTestExecutionListener@462c68b3]
2022-11-08 14:13:05.177 [INFO ] [main] PersonControllerTest - Starting PersonControllerTest using Java 17.0.2 on ALE with PID 11304 (started by aNewL in C:\info\pages_web\OpenClassrooms\Java\CinquiemeProjet\safetynetalerts)
2022-11-08 14:13:05.179 [INFO ] [main] PersonControllerTest - No active profile set, falling back to 1 default profile: "default"
2022-11-08 14:13:06.098 [INFO ] [main] SpringBootMockServletContext - Initializing Spring TestDispatcherServlet ''
2022-11-08 14:13:06.099 [INFO ] [main] TestDispatcherServlet - Initializing Servlet ''
2022-11-08 14:13:06.100 [INFO ] [main] TestDispatcherServlet - Completed initialization in 1 ms
2022-11-08 14:13:06.125 [INFO ] [main] PersonControllerTest - Started PersonControllerTest in 0.978 seconds (JVM running for 15.487)
2022-11-08 14:13:06.140 [ERROR] [main] PersonController - Invalid request  HttpStatus : 
2022-11-08 14:13:06.173 [ERROR] [main] PersonController - Invalid request  HttpStatus : 
2022-11-08 14:13:06.188 [ERROR] [main] PersonController - Invalid request  HttpStatus : 
2022-11-08 14:13:06.290 [INFO ] [main] FireStation Repository - update  a fireStation in the data listof fireStation
2022-11-08 14:13:06.291 [INFO ] [main] FireStation Repository - deleting a fireStation in the data listof fireStation
2022-11-08 14:13:06.291 [INFO ] [main] FireStation Repository - saving a fireStation in the data listof fireStation
2022-11-08 14:13:06.457 [INFO ] [main] FireStation Repository - deleting a fireStation in the data listof fireStation
2022-11-08 14:13:06.461 [INFO ] [main] FireStation Repository - saving a fireStation in the data listof fireStation
2022-11-08 14:13:06.472 [INFO ] [main] MedicalRecords Repository - delete a medicalRecord in the data listof medicalRecord
2022-11-08 14:13:06.472 [INFO ] [main] MedicalRecords Repository - save a medicalRecord in the data listof medicalRecord
2022-11-08 14:13:06.474 [INFO ] [main] MedicalRecords Repository - delete a medicalRecord in the data listof medicalRecord
2022-11-08 14:13:06.476 [INFO ] [main] MedicalRecords Repository - save a medicalRecord in the data listof medicalRecord
2022-11-08 14:13:06.495 [INFO ] [main] PersonRepository - saving a person in the data listof persons
2022-11-08 14:13:06.498 [INFO ] [main] PersonRepository - saving a person in the data listof persons
2022-11-08 14:13:06.505 [INFO ] [main] SpringBootTestContextBootstrapper - Neither @ContextConfiguration nor @ContextHierarchy found for test class [com.safetynet.alerts.SafetynetalertsApplicationTests], using SpringBootContextLoader
2022-11-08 14:13:06.506 [INFO ] [main] AbstractContextLoader - Could not detect default resource locations for test class [com.safetynet.alerts.SafetynetalertsApplicationTests]: no resource found for suffixes {-context.xml, Context.groovy}.
2022-11-08 14:13:06.506 [INFO ] [main] AnnotationConfigContextLoaderUtils - Could not detect default configuration classes for test class [com.safetynet.alerts.SafetynetalertsApplicationTests]: SafetynetalertsApplicationTests does not declare any static, non-private, non-final, nested classes annotated with @Configuration.
2022-11-08 14:13:06.515 [INFO ] [main] SpringBootTestContextBootstrapper - Found @SpringBootConfiguration com.safetynet.alerts.SafetynetalertsApplication for test class com.safetynet.alerts.SafetynetalertsApplicationTests
2022-11-08 14:13:06.522 [INFO ] [main] SpringBootTestContextBootstrapper - Loaded default TestExecutionListener class names from location [META-INF/spring.factories]: [org.springframework.boot.test.mock.mockito.MockitoTestExecutionListener, org.springframework.boot.test.mock.mockito.ResetMocksTestExecutionListener, org.springframework.boot.test.autoconfigure.restdocs.RestDocsTestExecutionListener, org.springframework.boot.test.autoconfigure.web.client.MockRestServiceServerResetTestExecutionListener, org.springframework.boot.test.autoconfigure.web.servlet.MockMvcPrintOnlyOnFailureTestExecutionListener, org.springframework.boot.test.autoconfigure.web.servlet.WebDriverTestExecutionListener, org.springframework.boot.test.autoconfigure.webservices.client.MockWebServiceServerTestExecutionListener, org.springframework.test.context.web.ServletTestExecutionListener, org.springframework.test.context.support.DirtiesContextBeforeModesTestExecutionListener, org.springframework.test.context.event.ApplicationEventsTestExecutionListener, org.springframework.test.context.support.DependencyInjectionTestExecutionListener, org.springframework.test.context.support.DirtiesContextTestExecutionListener, org.springframework.test.context.transaction.TransactionalTestExecutionListener, org.springframework.test.context.jdbc.SqlScriptsTestExecutionListener, org.springframework.test.context.event.EventPublishingTestExecutionListener]
2022-11-08 14:13:06.524 [INFO ] [main] SpringBootTestContextBootstrapper - Using TestExecutionListeners: [org.springframework.test.context.web.ServletTestExecutionListener@6a4484e6, org.springframework.test.context.support.DirtiesContextBeforeModesTestExecutionListener@6c67a17d, org.springframework.test.context.event.ApplicationEventsTestExecutionListener@74f6fa34, org.springframework.boot.test.mock.mockito.MockitoTestExecutionListener@1b5860fb, org.springframework.boot.test.autoconfigure.SpringBootDependencyInjectionTestExecutionListener@5575b4c2, org.springframework.test.context.support.DirtiesContextTestExecutionListener@4c89b58, org.springframework.test.context.event.EventPublishingTestExecutionListener@472cf6af, org.springframework.boot.test.mock.mockito.ResetMocksTestExecutionListener@1fab1909, org.springframework.boot.test.autoconfigure.restdocs.RestDocsTestExecutionListener@67807d9a, org.springframework.boot.test.autoconfigure.web.client.MockRestServiceServerResetTestExecutionListener@27523869, org.springframework.boot.test.autoconfigure.web.servlet.MockMvcPrintOnlyOnFailureTestExecutionListener@7eb3ba2, org.springframework.boot.test.autoconfigure.web.servlet.WebDriverTestExecutionListener@404f1907, org.springframework.boot.test.autoconfigure.webservices.client.MockWebServiceServerTestExecutionListener@2447d039]
2022-11-08 14:13:06.555 [INFO ] [main] SafetynetalertsApplicationTests - Starting SafetynetalertsApplicationTests using Java 17.0.2 on ALE with PID 11304 (started by aNewL in C:\info\pages_web\OpenClassrooms\Java\CinquiemeProjet\safetynetalerts)
2022-11-08 14:13:06.556 [INFO ] [main] SafetynetalertsApplicationTests - No active profile set, falling back to 1 default profile: "default"
2022-11-08 14:13:08.015 [INFO ] [main] MedicalRecords Repository - repository - initMedicalRecords()
2022-11-08 14:13:08.016 [INFO ] [main] MedicalRecordsMapper Class - Mapper - mapToMedicalRecordsClass
2022-11-08 14:13:09.986 [INFO ] [main] EndpointLinksResolver - Exposing 4 endpoint(s) beneath base path '/actuator'
2022-11-08 14:13:10.064 [INFO ] [main] SafetynetalertsApplicationTests - Started SafetynetalertsApplicationTests in 3.536 seconds (JVM running for 19.426)
2022-11-08 14:13:10.183 [INFO ] [main] AlertsService - create List of info by children at an address : getListOfChildrenAtAnAdress 
2022-11-08 14:13:10.230 [INFO ] [main] AlertsService - create List of info by inhabitants at an address : getListOfInhabitantsAtAnAddress 
2022-11-08 14:13:10.247 [INFO ] [main] AlertsService - create List of people  for URL1 - getListOfPersonsCoveredByStation() 
2022-11-08 14:13:10.255 [INFO ] [main] AlertsService - create List of info by person with given name : getInformationsForAGivenPersonAndHisFamily 
2022-11-08 14:13:10.268 [INFO ] [main] AlertsService - create List of phone number for URL3 - getSMSforPersonsCoveredByStation() 
2022-11-08 14:13:10.276 [INFO ] [main] AlertsService - create List of email for the inhabitants of the city 
2022-11-08 14:13:10.282 [INFO ] [main] AlertsService - create List of info by inhabitants for a list of stations : getListOfInhabitantsForAStation 
2022-11-08 14:13:10.402 [ERROR] [main] FireStationService - The address  :{8 rue Bidon} not found, couldn't retrieve fireStation
2022-11-08 14:13:10.415 [INFO ] [main] FireStationService - list of addresses for a firestation found
2022-11-08 14:13:10.433 [ERROR] [main] FireStationService - No Fire station updated, no such station found in the database
2022-11-08 14:13:10.442 [ERROR] [main] FireStationService - firestation number  :{10} not found
2022-11-08 14:13:10.447 [ERROR] [main] FireStationService - firestation number  :{10} not found, couldn't retrieve address
2022-11-08 14:13:10.455 [ERROR] [main] FireStationService - A FireStation already exists at the address addresse pour le FS Unitaire
2022-11-08 14:13:10.511 [ERROR] [main] MedicalRecordsService - The person  :{Bidon - Antoine} not found
2022-11-08 14:13:10.515 [INFO ] [main] MedicalRecordsService - In Service, getMedicalRecords : get all the MR
2022-11-08 14:13:10.519 [ERROR] [main] MedicalRecordsService - Name or FirstName Empty : unable to add/delete/update
2022-11-08 14:13:10.528 [ERROR] [main] MedicalRecordsService - No MedicalRecords with this name and firstName could be found : unable to delete
2022-11-08 14:13:10.546 [ERROR] [main] MedicalRecordsService - A person already exists with this name and firstName
2022-11-08 14:13:10.549 [ERROR] [main] MedicalRecordsService - No MedicalRecords with this name and firstName could be found : unable to update
2022-11-08 14:13:10.624 [ERROR] [main] PersonService - The person  :{Bidon - Antoine} not found
2022-11-08 14:13:10.627 [ERROR] [main] PersonService - Name or FirstName Empty : unable to add/delete/update
2022-11-08 14:13:10.634 [ERROR] [main] PersonService - The name  :{Bidon} not found, couldn't retrieve persons
2022-11-08 14:13:10.645 [ERROR] [main] PersonService - A person already exists with this name and firstName
2022-11-08 14:13:10.648 [ERROR] [main] PersonService - No person with this name and firstName could be found : unable to delete
2022-11-08 14:13:10.654 [ERROR] [main] PersonService - No person with this name and firstName could be found : unable to update
2022-11-08 14:13:10.660 [ERROR] [main] PersonService - Name or FirstName Empty : unable to add/delete/update
2022-11-08 14:13:10.671 [ERROR] [main] PersonService - The address  :{8 rue Bidon} not found, couldn't retrieve persons
2022-11-08 14:13:10.675 [ERROR] [main] PersonService - Name or FirstName Empty : unable to add/delete/update
2022-11-08 14:13:10.684 [ERROR] [main] PersonService - The city  :{Bidon} not found, couldn't retrieve persons
